c:\school\openglsample\openglsample\debug\vc143.pdb
c:\school\openglsample\openglsample\debug\vc143.idb
c:\school\openglsample\openglsample\debug\source.obj
c:\users\freyd\desktop\3d_scene\openglsample\debug\vc143.pdb
c:\users\freyd\desktop\3d_scene\openglsample\debug\vc143.idb
c:\users\freyd\desktop\3d_scene\openglsample\debug\source.obj
c:\school\openglsample\debug\triangles.exe
c:\school\openglsample\openglsample\debug\triangles.ilk
c:\school\openglsample\debug\triangles.pdb
c:\users\freyd\desktop\3d_scene\openglsample\debug\glad.obj
c:\users\freyd\desktop\3d_scene\openglsample\debug\shader.obj
c:\users\freyd\desktop\3d_scene\openglsample\debug\baseline.ilk
c:\users\freyd\desktop\3d_scene\openglsample\debug\openglsample.ilk
c:\users\freyd\desktop\3d_scene\openglsample\debug\triangles.pdb
c:\users\freyd\desktop\3d_scene\openglsample\debug\triangles.tlog\cl.command.1.tlog
c:\users\freyd\desktop\3d_scene\openglsample\debug\triangles.tlog\cl.read.1.tlog
c:\users\freyd\desktop\3d_scene\openglsample\debug\triangles.tlog\cl.write.1.tlog
c:\users\freyd\desktop\3d_scene\openglsample\debug\triangles.tlog\link-cvtres.read.1.tlog
c:\users\freyd\desktop\3d_scene\openglsample\debug\triangles.tlog\link-cvtres.write.1.tlog
c:\users\freyd\desktop\3d_scene\openglsample\debug\triangles.tlog\link-rc.read.1.tlog
c:\users\freyd\desktop\3d_scene\openglsample\debug\triangles.tlog\link-rc.write.1.tlog
c:\users\freyd\desktop\3d_scene\openglsample\debug\triangles.tlog\link.command.1.tlog
c:\users\freyd\desktop\3d_scene\openglsample\debug\triangles.tlog\link.read.1.tlog
c:\users\freyd\desktop\3d_scene\openglsample\debug\triangles.tlog\link.write.1.tlog
